  Direct3DSurfaceAccess.cpp
     ライブラリ C:\Users\Master\Sources\Direct3DSurfaceAccessInHoloLens2Example\PluginProjects\Direct3DSurfaceAccess\ARM\Release\Direct3DSurfaceAccess\Direct3DSurfaceAccess.lib とオブジェクト C:\Users\Master\Sources\Direct3DSurfaceAccessInHoloLens2Example\PluginProjects\Direct3DSurfaceAccess\ARM\Release\Direct3DSurfaceAccess\Direct3DSurfaceAccess.exp を作成中
  コード生成しています。
  コード生成が終了しました。
  Direct3DSurfaceAccess.vcxproj -> C:\Users\Master\Sources\Direct3DSurfaceAccessInHoloLens2Example\PluginProjects\Direct3DSurfaceAccess\ARM\Release\Direct3DSurfaceAccess\Direct3DSurfaceAccess.dll
  
  -------------------------------------------------------------------------------
     ROBOCOPY     ::     Windows の堅牢性の高いファイル コピー                              
  -------------------------------------------------------------------------------
  
    開始: 2021年8月20日 23:25:21
     コピー元 : C:\Users\Master\Sources\Direct3DSurfaceAccessInHoloLens2Example\PluginProjects\Direct3DSurfaceAccess\ARM\Release\Direct3DSurfaceAccess\
       コピー先 : C:\Users\Master\Sources\Direct3DSurfaceAccessInHoloLens2Example\Assets\Plugins\WSA\ARM\
  
      ファイル: Direct3DSurfaceAccess.dll
  	    
    オプション: /DCOPY:DA /COPY:DAT /R:1000000 /W:30 
  
  ------------------------------------------------------------------------------
  
  	                   1	C:\Users\Master\Sources\Direct3DSurfaceAccessInHoloLens2Example\PluginProjects\Direct3DSurfaceAccess\ARM\Release\Direct3DSurfaceAccess\
  	        新しい		   13312	Direct3DSurfaceAccess.dll
  100%  
  
  ------------------------------------------------------------------------------
  
                    合計     コピー済み      スキップ       不一致        失敗    Extras
     ディレクトリ:         1         0         1         0         0         0
       ファイル:         1         1         0         0         0         0
        バイト:    13.0 k    13.0 k         0         0         0         0
         時刻:   0:00:00   0:00:00                       0:00:00   0:00:00
  
  
         速度:             6656000 バイト/秒
         速度:             380.859 MB/分
     終了: 2021年8月20日 23:25:22
  
